build/app/outputs/mapping/release/mapping.txt
# compiler: R8
# compiler_version: 1.5.64
# min_api: 21
# pg_map_id: b2776a0
...
androidx.lifecycle.ReflectiveGenericLifecycleObserver -> androidx.lifecycle.ReflectiveGenericLifecycleObserver:
    androidx.lifecycle.ClassesInfoCache$CallbackInfo mInfo -> b
    java.lang.Object mWrapped -> a
    void onStateChanged(androidx.lifecycle.LifecycleOwner,androidx.lifecycle.Lifecycle$Event) -> a
androidx.lifecycle.ReportFragment -> androidx.lifecycle.r:
    androidx.lifecycle.ReportFragment$ActivityInitializationListener mProcessListener -> b
    void dispatch(android.app.Activity,androidx.lifecycle.Lifecycle$Event) -> a
    void dispatch(androidx.lifecycle.Lifecycle$Event) -> a
    void dispatchCreate(androidx.lifecycle.ReportFragment$ActivityInitializationListener) -> a
    void injectIfNeededIn(android.app.Activity) -> a
    void dispatchResume(androidx.lifecycle.ReportFragment$ActivityInitializationListener) -> b
    void dispatchStart(androidx.lifecycle.ReportFragment$ActivityInitializationListener) -> c
androidx.lifecycle.ReportFragment$ActivityInitializationListener -> androidx.lifecycle.r$a:
    void onCreate() -> a
    void onResume() -> b
    void onStart() -> c
androidx.lifecycle.ReportFragment$LifecycleCallbacks -> androidx.lifecycle.r$b:
androidx.lifecycle.SavedStateHandle -> androidx.lifecycle.s:
    androidx.savedstate.SavedStateRegistry$SavedStateProvider savedStateProvider() -> a
androidx.lifecycle.SavedStateHandleController -> androidx.lifecycle.SavedStateHandleController:
    androidx.lifecycle.SavedStateHandle mHandle -> b
    boolean mIsAttached -> a
    void attachHandleIfNeeded(androidx.lifecycle.ViewModel,androidx.savedstate.SavedStateRegistry,androidx.lifecycle.Lifecycle) -> a
    void attachToLifecycle(androidx.savedstate.SavedStateRegistry,androidx.lifecycle.Lifecycle) -> a
    boolean isAttached() -> a
    void onStateChanged(androidx.lifecycle.LifecycleOwner,androidx.lifecycle.Lifecycle$Event) -> a
    void tryToAddRecreator(androidx.savedstate.SavedStateRegistry,androidx.lifecycle.Lifecycle) -> b
androidx.lifecycle.SavedStateHandleController$1 -> androidx.lifecycle.SavedStateHandleController$1:
    androidx.lifecycle.Lifecycle val$lifecycle -> a
    androidx.savedstate.SavedStateRegistry val$registry -> b
    void onStateChanged(androidx.lifecycle.LifecycleOwner,androidx.lifecycle.Lifecycle$Event) -> a
androidx.lifecycle.SavedStateHandleController$OnRecreation -> androidx.lifecycle.SavedStateHandleController$a:
    void onRecreated(androidx.savedstate.SavedStateRegistryOwner) -> a
androidx.lifecycle.ServiceLifecycleDispatcher -> androidx.lifecycle.t:
    androidx.lifecycle.ServiceLifecycleDispatcher$DispatchRunnable mLastDispatchRunnable -> c
    android.os.Handler mHandler -> b
    androidx.lifecycle.LifecycleRegistry mRegistry -> a
    androidx.lifecycle.Lifecycle getLifecycle() -> a
    void postDispatchRunnable(androidx.lifecycle.Lifecycle$Event) -> a
    void onServicePreSuperOnBind() -> b
    void onServicePreSuperOnCreate() -> c
    void onServicePreSuperOnDestroy() -> d
    void onServicePreSuperOnStart() -> e
androidx.lifecycle.ServiceLifecycleDispatcher$DispatchRunnable -> androidx.lifecycle.t$a:
    androidx.lifecycle.Lifecycle$Event mEvent -> c
    androidx.lifecycle.LifecycleRegistry mRegistry -> b
    boolean mWasExecuted -> d
androidx.lifecycle.SingleGeneratedAdapterObserver -> androidx.lifecycle.SingleGeneratedAdapterObserver:
    androidx.lifecycle.GeneratedAdapter mGeneratedAdapter -> a
    void onStateChanged(androidx.lifecycle.LifecycleOwner,androidx.lifecycle.Lifecycle$Event) -> a
androidx.lifecycle.ViewModel -> androidx.lifecycle.u:
    java.util.Map mBagOfTags -> a
    void clear() -> a
    void closeWithRuntimeException(java.lang.Object) -> a
    java.lang.Object getTag(java.lang.String) -> a
    void onCleared() -> b